<?xml version="1.0" encoding="UTF-8"?>
<!-- Generated by org.testng.reporters.JUnitXMLReporter -->
<testsuite ignored="0" hostname="IBM-6FMJKM3" failures="0" tests="8" name="Test" time="14.363" errors="0" timestamp="2026-02-12T18:53:40 IST">
  <testcase classname="api.testcases.UserTestDD" name="testCreateUser" time="3.472"/>
  <testcase classname="api.testcases.UserTestDD" name="testCreateUser" time="1.148"/>
  <testcase classname="api.testcases.UserTestDD" name="testCreateUser" time="1.361"/>
  <testcase classname="api.testcases.UserTestDD" name="testCreateUser" time="1.341"/>
  <testcase classname="api.testcases.UserTestDD" name="TEstDeleteuser" time="1.169"/>
  <testcase classname="api.testcases.UserTestDD" name="TEstDeleteuser" time="1.111"/>
  <testcase classname="api.testcases.UserTestDD" name="TEstDeleteuser" time="1.078"/>
  <testcase classname="api.testcases.UserTestDD" name="TEstDeleteuser" time="1.433"/>
</testsuite> <!-- Test -->
