<?xml version="1.0" encoding="UTF-8"?>
<!-- Generated by org.testng.reporters.JUnitXMLReporter -->
<testsuite ignored="0" hostname="IBM-6FMJKM3" failures="0" tests="8" name="Default test" time="14.691" errors="0" timestamp="2026-02-12T18:23:29 IST">
  <testcase classname="api.testcases.UserTestDD" name="testCreateUser" time="3.726"/>
  <testcase classname="api.testcases.UserTestDD" name="testCreateUser" time="1.287"/>
  <testcase classname="api.testcases.UserTestDD" name="testCreateUser" time="1.151"/>
  <testcase classname="api.testcases.UserTestDD" name="testCreateUser" time="1.12"/>
  <testcase classname="api.testcases.UserTestDD" name="TEstDeleteuser" time="1.328"/>
  <testcase classname="api.testcases.UserTestDD" name="TEstDeleteuser" time="1.127"/>
  <testcase classname="api.testcases.UserTestDD" name="TEstDeleteuser" time="1.232"/>
  <testcase classname="api.testcases.UserTestDD" name="TEstDeleteuser" time="1.366"/>
</testsuite> <!-- Default test -->
