<?xml version="1.0" encoding="UTF-8"?>
<testng-results ignored="0" total="8" passed="8" failed="0" skipped="0">
  <reporter-output>
  </reporter-output>
  <suite started-at="2026-02-12T18:53:26 IST" name="PetUserSuite" finished-at="2026-02-12T18:53:40 IST" duration-ms="14363">
    <groups>
    </groups>
    <test started-at="2026-02-12T18:53:26 IST" name="Test" finished-at="2026-02-12T18:53:40 IST" duration-ms="14363">
      <class name="api.testcases.UserTestDD">
        <test-method signature="testCreateUser(java.lang.String,java.lang.String,java.lang.String,java.lang.String,java.lang.String,java.lang.String,java.lang.String)[pri:1, instance:api.testcases.UserTestDD@1807e3f6]" started-at="2026-02-12T18:53:28 IST" name="testCreateUser" data-provider="AllData" finished-at="2026-02-12T18:53:32 IST" duration-ms="3472" status="PASS">
          <params>
            <param index="0">
              <value>
                <![CDATA[]]>
              </value>
            </param>
            <param index="1">
              <value>
                <![CDATA[user1]]>
              </value>
            </param>
            <param index="2">
              <value>
                <![CDATA[Aubrey]]>
              </value>
            </param>
            <param index="3">
              <value>
                <![CDATA[Elmo]]>
              </value>
            </param>
            <param index="4">
              <value>
                <![CDATA[huey.fahey@example.com]]>
              </value>
            </param>
            <param index="5">
              <value>
                <![CDATA[hello]]>
              </value>
            </param>
            <param index="6">
              <value>
                <![CDATA[]]>
              </value>
            </param>
          </params>
          <reporter-output>
          </reporter-output>
        </test-method> <!-- testCreateUser -->
        <test-method signature="testCreateUser(java.lang.String,java.lang.String,java.lang.String,java.lang.String,java.lang.String,java.lang.String,java.lang.String)[pri:1, instance:api.testcases.UserTestDD@1807e3f6]" started-at="2026-02-12T18:53:32 IST" name="testCreateUser" data-provider="AllData" finished-at="2026-02-12T18:53:33 IST" duration-ms="1148" status="PASS">
          <params>
            <param index="0">
              <value>
                <![CDATA[]]>
              </value>
            </param>
            <param index="1">
              <value>
                <![CDATA[user2]]>
              </value>
            </param>
            <param index="2">
              <value>
                <![CDATA[Master]]>
              </value>
            </param>
            <param index="3">
              <value>
                <![CDATA[bomo]]>
              </value>
            </param>
            <param index="4">
              <value>
                <![CDATA[Test1@example.com]]>
              </value>
            </param>
            <param index="5">
              <value>
                <![CDATA[summer]]>
              </value>
            </param>
            <param index="6">
              <value>
                <![CDATA[]]>
              </value>
            </param>
          </params>
          <reporter-output>
          </reporter-output>
        </test-method> <!-- testCreateUser -->
        <test-method signature="testCreateUser(java.lang.String,java.lang.String,java.lang.String,java.lang.String,java.lang.String,java.lang.String,java.lang.String)[pri:1, instance:api.testcases.UserTestDD@1807e3f6]" started-at="2026-02-12T18:53:33 IST" name="testCreateUser" data-provider="AllData" finished-at="2026-02-12T18:53:34 IST" duration-ms="1361" status="PASS">
          <params>
            <param index="0">
              <value>
                <![CDATA[]]>
              </value>
            </param>
            <param index="1">
              <value>
                <![CDATA[user3]]>
              </value>
            </param>
            <param index="2">
              <value>
                <![CDATA[Mathew]]>
              </value>
            </param>
            <param index="3">
              <value>
                <![CDATA[Randi]]>
              </value>
            </param>
            <param index="4">
              <value>
                <![CDATA[test2@example.com]]>
              </value>
            </param>
            <param index="5">
              <value>
                <![CDATA[winter]]>
              </value>
            </param>
            <param index="6">
              <value>
                <![CDATA[]]>
              </value>
            </param>
          </params>
          <reporter-output>
          </reporter-output>
        </test-method> <!-- testCreateUser -->
        <test-method signature="testCreateUser(java.lang.String,java.lang.String,java.lang.String,java.lang.String,java.lang.String,java.lang.String,java.lang.String)[pri:1, instance:api.testcases.UserTestDD@1807e3f6]" started-at="2026-02-12T18:53:34 IST" name="testCreateUser" data-provider="AllData" finished-at="2026-02-12T18:53:35 IST" duration-ms="1341" status="PASS">
          <params>
            <param index="0">
              <value>
                <![CDATA[]]>
              </value>
            </param>
            <param index="1">
              <value>
                <![CDATA[user4]]>
              </value>
            </param>
            <param index="2">
              <value>
                <![CDATA[Michell]]>
              </value>
            </param>
            <param index="3">
              <value>
                <![CDATA[Santner]]>
              </value>
            </param>
            <param index="4">
              <value>
                <![CDATA[test3@example.com]]>
              </value>
            </param>
            <param index="5">
              <value>
                <![CDATA[winter]]>
              </value>
            </param>
            <param index="6">
              <value>
                <![CDATA[]]>
              </value>
            </param>
          </params>
          <reporter-output>
          </reporter-output>
        </test-method> <!-- testCreateUser -->
        <test-method signature="TEstDeleteuser(java.lang.String)[pri:2, instance:api.testcases.UserTestDD@1807e3f6]" started-at="2026-02-12T18:53:36 IST" name="TEstDeleteuser" data-provider="UserNamesData" finished-at="2026-02-12T18:53:37 IST" duration-ms="1169" status="PASS">
          <params>
            <param index="0">
              <value>
                <![CDATA[user1]]>
              </value>
            </param>
          </params>
          <reporter-output>
          </reporter-output>
        </test-method> <!-- TEstDeleteuser -->
        <test-method signature="TEstDeleteuser(java.lang.String)[pri:2, instance:api.testcases.UserTestDD@1807e3f6]" started-at="2026-02-12T18:53:37 IST" name="TEstDeleteuser" data-provider="UserNamesData" finished-at="2026-02-12T18:53:38 IST" duration-ms="1111" status="PASS">
          <params>
            <param index="0">
              <value>
                <![CDATA[user2]]>
              </value>
            </param>
          </params>
          <reporter-output>
          </reporter-output>
        </test-method> <!-- TEstDeleteuser -->
        <test-method signature="TEstDeleteuser(java.lang.String)[pri:2, instance:api.testcases.UserTestDD@1807e3f6]" started-at="2026-02-12T18:53:38 IST" name="TEstDeleteuser" data-provider="UserNamesData" finished-at="2026-02-12T18:53:39 IST" duration-ms="1078" status="PASS">
          <params>
            <param index="0">
              <value>
                <![CDATA[user3]]>
              </value>
            </param>
          </params>
          <reporter-output>
          </reporter-output>
        </test-method> <!-- TEstDeleteuser -->
        <test-method signature="TEstDeleteuser(java.lang.String)[pri:2, instance:api.testcases.UserTestDD@1807e3f6]" started-at="2026-02-12T18:53:39 IST" name="TEstDeleteuser" data-provider="UserNamesData" finished-at="2026-02-12T18:53:40 IST" duration-ms="1433" status="PASS">
          <params>
            <param index="0">
              <value>
                <![CDATA[user4]]>
              </value>
            </param>
          </params>
          <reporter-output>
          </reporter-output>
        </test-method> <!-- TEstDeleteuser -->
      </class> <!-- api.testcases.UserTestDD -->
    </test> <!-- Test -->
  </suite> <!-- PetUserSuite -->
</testng-results>
