<?xml version="1.0" encoding="UTF-8"?>
<!-- Generated by org.testng.reporters.JUnitReportReporter -->
<testsuite hostname="IBM-6FMJKM3" failures="0" tests="4" name="api.testcases.BaseTest" time="7.234" errors="0" timestamp="2026-02-09T17:00:22 IST" skipped="0">
  <testcase classname="api.testcases.BaseTest" name="TestCreateuser" time="3.592"/>
  <system-out/>
  <testcase classname="api.testcases.BaseTest" name="Getuser" time="1.297"/>
  <system-out/>
  <testcase classname="api.testcases.BaseTest" name="Updateuser" time="1.226"/>
  <system-out/>
  <testcase classname="api.testcases.BaseTest" name="Deleteuser" time="1.119"/>
  <system-out/>
</testsuite> <!-- api.testcases.BaseTest -->
