<?xml version="1.0" encoding="UTF-8"?>
<!-- Generated by org.testng.reporters.JUnitReportReporter -->
<testsuite hostname="IBM-6FMJKM3" failures="0" tests="4" name="api.utilities.GetuserdataTest" time="8.705" errors="0" timestamp="2026-02-11T19:57:26 IST" skipped="0">
  <testcase classname="api.utilities.GetuserdataTest" name="testGetUserData" time="1.628"/>
  <system-out/>
  <testcase classname="api.utilities.GetuserdataTest" name="testGetUserData" time="1.273"/>
  <system-out/>
  <testcase classname="api.utilities.GetuserdataTest" name="testGetUserData" time="1.727"/>
  <system-out/>
  <testcase classname="api.utilities.GetuserdataTest" name="testGetUserData" time="4.077"/>
  <system-out/>
</testsuite> <!-- api.utilities.GetuserdataTest -->
