<?xml version="1.0" encoding="UTF-8"?>
<!-- Generated by org.testng.reporters.JUnitReportReporter -->
<testsuite hostname="IBM-6FMJKM3" failures="0" tests="8" name="api.testcases.UserTestDD" time="12.113" errors="0" timestamp="2026-02-12T18:53:40 IST" skipped="0">
  <testcase classname="api.testcases.UserTestDD" name="testCreateUser" time="1.361"/>
  <system-out/>
  <testcase classname="api.testcases.UserTestDD" name="testCreateUser" time="1.148"/>
  <system-out/>
  <testcase classname="api.testcases.UserTestDD" name="testCreateUser" time="1.341"/>
  <system-out/>
  <testcase classname="api.testcases.UserTestDD" name="testCreateUser" time="3.472"/>
  <system-out/>
  <testcase classname="api.testcases.UserTestDD" name="TEstDeleteuser" time="1.078"/>
  <system-out/>
  <testcase classname="api.testcases.UserTestDD" name="TEstDeleteuser" time="1.433"/>
  <system-out/>
  <testcase classname="api.testcases.UserTestDD" name="TEstDeleteuser" time="1.111"/>
  <system-out/>
  <testcase classname="api.testcases.UserTestDD" name="TEstDeleteuser" time="1.169"/>
  <system-out/>
</testsuite> <!-- api.testcases.UserTestDD -->
