<?xml version="1.0" encoding="UTF-8"?>
<!-- Generated by org.testng.reporters.JUnitXMLReporter -->
<testsuite ignored="0" hostname="IBM-6FMJKM3" failures="0" tests="3" name="Test" time="5.094" errors="0" timestamp="2026-02-03T18:17:05 IST">
  <testcase classname="com.PetModule.AddPetToStore" name="AddPetToStores" time="2.544"/>
  <testcase classname="com.PetModule.GetPet" name="GetPetfromStore" time="1.382"/>
  <testcase classname="com.PetModule.PetDelete" name="deletePet" time="1.125"/>
</testsuite> <!-- Test -->
