<?xml version="1.0" encoding="UTF-8" standalone="no"?><testsuite errors="1" failures="0" name="Pet object that needs to be added to the store" skipped="0" tests="1" time="0.74" timestamp="2026-02-08 08:34:21"><testcase name="Adding Pets to Pet store"><error message="Cannot get property 'assertionClosure' on null object" type="java.lang.NullPointerException">Cannot get property 'assertionClosure' on null object</error><system-err>Cannot get property 'assertionClosure' on null object&#13;
io.restassured.internal.RequestSpecificationImpl.applyPathParamsAndSendRequest(RequestSpecificationImpl.groovy:1702)&#13;
io.restassured.internal.RequestSpecificationImpl.this$2$applyPathParamsAndSendRequest(RequestSpecificationImpl.groovy)&#13;
groovy.lang.MetaMethod.doMethodInvoke(MetaMethod.java:328)&#13;
groovy.lang.MetaClassImpl.doInvokeMethod(MetaClassImpl.java:1332)&#13;
groovy.lang.MetaClassImpl.invokeMethod(MetaClassImpl.java:1087)&#13;
groovy.lang.MetaClassImpl.invokeMethod(MetaClassImpl.java:1006)&#13;
groovy.lang.MetaClassImpl.invokeMethod(MetaClassImpl.java:789)&#13;
io.restassured.internal.RequestSpecificationImpl.invokeMethod(RequestSpecificationImpl.groovy)&#13;
io.restassured.internal.RequestSpecificationImpl.applyPathParamsAndSendRequest(RequestSpecificationImpl.groovy:1710)&#13;
io.restassured.internal.RequestSpecificationImpl.this$2$applyPathParamsAndSendRequest(RequestSpecificationImpl.groovy)&#13;
groovy.lang.MetaMethod.doMethodInvoke(MetaMethod.java:328)&#13;
groovy.lang.MetaClassImpl.doInvokeMethod(MetaClassImpl.java:1332)&#13;
groovy.lang.MetaClassImpl.invokeMethod(MetaClassImpl.java:1087)&#13;
groovy.lang.MetaClassImpl.invokeMethod(MetaClassImpl.java:1006)&#13;
groovy.lang.MetaClassImpl.invokeMethod(MetaClassImpl.java:789)&#13;
io.restassured.internal.RequestSpecificationImpl.invokeMethod(RequestSpecificationImpl.groovy)&#13;
io.restassured.internal.RequestSpecificationImpl.get(RequestSpecificationImpl.groovy:172)&#13;
io.restassured.internal.RequestSpecificationImpl.get(RequestSpecificationImpl.groovy)&#13;
groovy.lang.MetaMethod.doMethodInvoke(MetaMethod.java:328)&#13;
groovy.lang.MetaClassImpl.doInvokeMethod(MetaClassImpl.java:1332)&#13;
groovy.lang.MetaClassImpl.invokeMethod(MetaClassImpl.java:1087)&#13;
groovy.lang.MetaClassImpl.invokeMethod(MetaClassImpl.java:1006)&#13;
groovy.lang.MetaClassImpl.invokeMethod(MetaClassImpl.java:789)&#13;
io.restassured.internal.RequestSpecificationImpl.invokeMethod(RequestSpecificationImpl.groovy)&#13;
io.restassured.internal.RequestSpecificationImpl.get(RequestSpecificationImpl.groovy:256)&#13;
io.restassured.internal.RequestSpecificationImpl.get(RequestSpecificationImpl.groovy)&#13;
StepDefinitions.StepdefinitionFile.verify_id_is_mapped_to_animal_using(StepdefinitionFile.java:94)&#13;
✽.verify id is mapped to animal "cat" using "GetPetAPI"(file:///C:/Users/NayazAhmed/eclipse-workspace/UberPetStore/src/test/java/features/AddPet.feature:10)&#13;
</system-err></testcase></testsuite>